[63:92:1005/172856.898815:ERROR:bus.cc(395)] Failed to connect to the bus: Failed to connect to socket /var/run/dbus/system_bus_socket: No such file or directory
[63:63:1005/172856.990956:WARNING:password_store_factory.cc(253)] Using basic (unencrypted) store for password storage. See https://chromium.googlesource.com/chromium/src/+/master/docs/linux_password_storage.md for more information about password storage options.
[132:132:1005/172857.114059:ERROR:sandbox_linux.cc(344)] InitializeSandbox() called with multiple threads in process gpu-process.
[63:63:1005/172858.090018:INFO:CONSOLE(0)] "/deep/ combinator is no longer supported in CSS dynamic profile. It is now effectively no-op, acting as if it were a descendant combinator. You should consider to remove it. See https://www.chromestatus.com/features/4964279606312960 for more details.", source:  (0)
[63:63:1005/172858.092695:INFO:CONSOLE(1)] "ERROR", source: http://web/vendor.df7669129088c29118b2.bundle.js (1)
[63:63:1005/172858.109855:INFO:CONSOLE(1)] "ERROR", source: http://web/vendor.df7669129088c29118b2.bundle.js (1)
[63:63:1005/172858.112615:INFO:CONSOLE(1)] "ERROR", source: http://web/vendor.df7669129088c29118b2.bundle.js (1)
[63:63:1005/172859.094042:INFO:CONSOLE(1)] "ERROR", source: http://web/vendor.df7669129088c29118b2.bundle.js (1)
[63:63:1005/172859.095667:INFO:CONSOLE(1)] "ERROR", source: http://web/vendor.df7669129088c29118b2.bundle.js (1)
[63:63:1005/172859.098794:INFO:CONSOLE(1)] "ERROR", source: http://web/vendor.df7669129088c29118b2.bundle.js (1)
[63:63:1005/172859.377309:INFO:CONSOLE(0)] "/deep/ combinator is no longer supported in CSS dynamic profile. It is now effectively no-op, acting as if it were a descendant combinator. You should consider to remove it. See https://www.chromestatus.com/features/4964279606312960 for more details.", source:  (0)
[63:63:1005/172859.379875:INFO:CONSOLE(1)] "ERROR", source: http://web/vendor.df7669129088c29118b2.bundle.js (1)
[63:63:1005/172859.381122:INFO:CONSOLE(1)] "ERROR", source: http://web/vendor.df7669129088c29118b2.bundle.js (1)
[63:63:1005/172859.381866:INFO:CONSOLE(1)] "ERROR", source: http://web/vendor.df7669129088c29118b2.bundle.js (1)
[63:63:1005/172902.636892:INFO:CONSOLE(0)] "/deep/ combinator is no longer supported in CSS dynamic profile. It is now effectively no-op, acting as if it were a descendant combinator. You should consider to remove it. See https://www.chromestatus.com/features/4964279606312960 for more details.", source:  (0)
[63:63:1005/172902.643744:INFO:CONSOLE(1)] "ERROR", source: http://web/vendor.df7669129088c29118b2.bundle.js (1)
[63:63:1005/172902.644133:INFO:CONSOLE(1)] "ERROR", source: http://web/vendor.df7669129088c29118b2.bundle.js (1)
[63:63:1005/172902.644454:INFO:CONSOLE(1)] "ERROR", source: http://web/vendor.df7669129088c29118b2.bundle.js (1)
[63:63:1005/172903.703029:INFO:CONSOLE(0)] "/deep/ combinator is no longer supported in CSS dynamic profile. It is now effectively no-op, acting as if it were a descendant combinator. You should consider to remove it. See https://www.chromestatus.com/features/4964279606312960 for more details.", source:  (0)
[63:63:1005/172903.709399:INFO:CONSOLE(1)] "ERROR", source: http://web/vendor.df7669129088c29118b2.bundle.js (1)
[63:63:1005/172903.709985:INFO:CONSOLE(1)] "ERROR", source: http://web/vendor.df7669129088c29118b2.bundle.js (1)
[63:63:1005/172903.710500:INFO:CONSOLE(1)] "ERROR", source: http://web/vendor.df7669129088c29118b2.bundle.js (1)
[63:63:1005/172907.659359:INFO:CONSOLE(0)] "/deep/ combinator is no longer supported in CSS dynamic profile. It is now effectively no-op, acting as if it were a descendant combinator. You should consider to remove it. See https://www.chromestatus.com/features/4964279606312960 for more details.", source:  (0)
[63:63:1005/172907.662966:INFO:CONSOLE(1)] "ERROR", source: http://web/vendor.df7669129088c29118b2.bundle.js (1)
[63:63:1005/172907.667472:INFO:CONSOLE(1)] "ERROR", source: http://web/vendor.df7669129088c29118b2.bundle.js (1)
[63:63:1005/172907.667817:INFO:CONSOLE(1)] "ERROR", source: http://web/vendor.df7669129088c29118b2.bundle.js (1)
[63:63:1005/172908.129801:INFO:CONSOLE(0)] "/deep/ combinator is no longer supported in CSS dynamic profile. It is now effectively no-op, acting as if it were a descendant combinator. You should consider to remove it. See https://www.chromestatus.com/features/4964279606312960 for more details.", source:  (0)
[63:63:1005/172908.135889:INFO:CONSOLE(1)] "ERROR", source: http://web/vendor.df7669129088c29118b2.bundle.js (1)
[63:63:1005/172908.136188:INFO:CONSOLE(1)] "ERROR", source: http://web/vendor.df7669129088c29118b2.bundle.js (1)
[63:63:1005/172908.136434:INFO:CONSOLE(1)] "ERROR", source: http://web/vendor.df7669129088c29118b2.bundle.js (1)
[63:63:1005/172908.594750:INFO:CONSOLE(0)] "/deep/ combinator is no longer supported in CSS dynamic profile. It is now effectively no-op, acting as if it were a descendant combinator. You should consider to remove it. See https://www.chromestatus.com/features/4964279606312960 for more details.", source:  (0)
[63:63:1005/172908.597661:INFO:CONSOLE(1)] "ERROR", source: http://web/vendor.df7669129088c29118b2.bundle.js (1)
[63:63:1005/172908.600104:INFO:CONSOLE(1)] "ERROR", source: http://web/vendor.df7669129088c29118b2.bundle.js (1)
[63:63:1005/172908.600480:INFO:CONSOLE(1)] "ERROR", source: http://web/vendor.df7669129088c29118b2.bundle.js (1)
[63:63:1005/172909.898238:INFO:CONSOLE(0)] "/deep/ combinator is no longer supported in CSS dynamic profile. It is now effectively no-op, acting as if it were a descendant combinator. You should consider to remove it. See https://www.chromestatus.com/features/4964279606312960 for more details.", source:  (0)
[63:63:1005/172909.901957:INFO:CONSOLE(1)] "ERROR", source: http://web/vendor.df7669129088c29118b2.bundle.js (1)
[63:63:1005/172909.903151:INFO:CONSOLE(1)] "ERROR", source: http://web/vendor.df7669129088c29118b2.bundle.js (1)
[63:63:1005/172909.903903:INFO:CONSOLE(1)] "ERROR", source: http://web/vendor.df7669129088c29118b2.bundle.js (1)
[63:63:1005/172910.361095:INFO:CONSOLE(0)] "/deep/ combinator is no longer supported in CSS dynamic profile. It is now effectively no-op, acting as if it were a descendant combinator. You should consider to remove it. See https://www.chromestatus.com/features/4964279606312960 for more details.", source:  (0)
[63:63:1005/172910.363844:INFO:CONSOLE(1)] "ERROR", source: http://web/vendor.df7669129088c29118b2.bundle.js (1)
[63:63:1005/172910.366867:INFO:CONSOLE(1)] "ERROR", source: http://web/vendor.df7669129088c29118b2.bundle.js (1)
[63:63:1005/172910.367420:INFO:CONSOLE(1)] "ERROR", source: http://web/vendor.df7669129088c29118b2.bundle.js (1)
[63:63:1005/172910.737018:INFO:CONSOLE(0)] "/deep/ combinator is no longer supported in CSS dynamic profile. It is now effectively no-op, acting as if it were a descendant combinator. You should consider to remove it. See https://www.chromestatus.com/features/4964279606312960 for more details.", source:  (0)
[63:63:1005/172910.742799:INFO:CONSOLE(1)] "ERROR", source: http://web/vendor.df7669129088c29118b2.bundle.js (1)
[63:63:1005/172910.743317:INFO:CONSOLE(1)] "ERROR", source: http://web/vendor.df7669129088c29118b2.bundle.js (1)
[63:63:1005/172910.743717:INFO:CONSOLE(1)] "ERROR", source: http://web/vendor.df7669129088c29118b2.bundle.js (1)
[63:63:1005/172911.963378:INFO:CONSOLE(0)] "/deep/ combinator is no longer supported in CSS dynamic profile. It is now effectively no-op, acting as if it were a descendant combinator. You should consider to remove it. See https://www.chromestatus.com/features/4964279606312960 for more details.", source:  (0)
[63:63:1005/172911.964262:INFO:CONSOLE(1)] "ERROR", source: http://web/vendor.df7669129088c29118b2.bundle.js (1)
[63:63:1005/172911.972528:INFO:CONSOLE(1)] "ERROR", source: http://web/vendor.df7669129088c29118b2.bundle.js (1)
[63:63:1005/172911.972918:INFO:CONSOLE(1)] "ERROR", source: http://web/vendor.df7669129088c29118b2.bundle.js (1)
[63:63:1005/172912.496023:INFO:CONSOLE(0)] "/deep/ combinator is no longer supported in CSS dynamic profile. It is now effectively no-op, acting as if it were a descendant combinator. You should consider to remove it. See https://www.chromestatus.com/features/4964279606312960 for more details.", source:  (0)
[63:63:1005/172912.498969:INFO:CONSOLE(1)] "ERROR", source: http://web/vendor.df7669129088c29118b2.bundle.js (1)
[63:63:1005/172912.505534:INFO:CONSOLE(1)] "ERROR", source: http://web/vendor.df7669129088c29118b2.bundle.js (1)
[63:63:1005/172912.507815:INFO:CONSOLE(1)] "ERROR", source: http://web/vendor.df7669129088c29118b2.bundle.js (1)
[63:63:1005/172913.670721:INFO:CONSOLE(0)] "/deep/ combinator is no longer supported in CSS dynamic profile. It is now effectively no-op, acting as if it were a descendant combinator. You should consider to remove it. See https://www.chromestatus.com/features/4964279606312960 for more details.", source:  (0)
[63:63:1005/172913.676416:INFO:CONSOLE(1)] "ERROR", source: http://web/vendor.df7669129088c29118b2.bundle.js (1)
[63:63:1005/172913.676780:INFO:CONSOLE(1)] "ERROR", source: http://web/vendor.df7669129088c29118b2.bundle.js (1)
[63:63:1005/172913.677868:INFO:CONSOLE(1)] "ERROR", source: http://web/vendor.df7669129088c29118b2.bundle.js (1)
[63:63:1005/172914.184151:INFO:CONSOLE(0)] "/deep/ combinator is no longer supported in CSS dynamic profile. It is now effectively no-op, acting as if it were a descendant combinator. You should consider to remove it. See https://www.chromestatus.com/features/4964279606312960 for more details.", source:  (0)
[63:63:1005/172914.191751:INFO:CONSOLE(1)] "ERROR", source: http://web/vendor.df7669129088c29118b2.bundle.js (1)
[63:63:1005/172914.193693:INFO:CONSOLE(1)] "ERROR", source: http://web/vendor.df7669129088c29118b2.bundle.js (1)
[63:63:1005/172914.194075:INFO:CONSOLE(1)] "ERROR", source: http://web/vendor.df7669129088c29118b2.bundle.js (1)
[63:63:1005/172920.385586:INFO:CONSOLE(0)] "/deep/ combinator is no longer supported in CSS dynamic profile. It is now effectively no-op, acting as if it were a descendant combinator. You should consider to remove it. See https://www.chromestatus.com/features/4964279606312960 for more details.", source:  (0)
[63:63:1005/172920.386968:INFO:CONSOLE(1)] "ERROR", source: http://web/vendor.df7669129088c29118b2.bundle.js (1)
[63:63:1005/172920.392258:INFO:CONSOLE(1)] "ERROR", source: http://web/vendor.df7669129088c29118b2.bundle.js (1)
[63:63:1005/172920.392680:INFO:CONSOLE(1)] "ERROR", source: http://web/vendor.df7669129088c29118b2.bundle.js (1)
[63:63:1005/172921.725930:INFO:CONSOLE(0)] "/deep/ combinator is no longer supported in CSS dynamic profile. It is now effectively no-op, acting as if it were a descendant combinator. You should consider to remove it. See https://www.chromestatus.com/features/4964279606312960 for more details.", source:  (0)
[63:63:1005/172921.726442:INFO:CONSOLE(1)] "ERROR", source: http://web/vendor.df7669129088c29118b2.bundle.js (1)
[63:63:1005/172921.727873:INFO:CONSOLE(1)] "ERROR", source: http://web/vendor.df7669129088c29118b2.bundle.js (1)
[63:63:1005/172921.728872:INFO:CONSOLE(1)] "ERROR", source: http://web/vendor.df7669129088c29118b2.bundle.js (1)
[63:63:1005/172924.420307:INFO:CONSOLE(0)] "/deep/ combinator is no longer supported in CSS dynamic profile. It is now effectively no-op, acting as if it were a descendant combinator. You should consider to remove it. See https://www.chromestatus.com/features/4964279606312960 for more details.", source:  (0)
[63:63:1005/172924.421668:INFO:CONSOLE(1)] "ERROR", source: http://web/vendor.df7669129088c29118b2.bundle.js (1)
[63:63:1005/172924.426637:INFO:CONSOLE(1)] "ERROR", source: http://web/vendor.df7669129088c29118b2.bundle.js (1)
[63:63:1005/172924.427635:INFO:CONSOLE(1)] "ERROR", source: http://web/vendor.df7669129088c29118b2.bundle.js (1)
