[63:92:1005/172715.512487:ERROR:bus.cc(395)] Failed to connect to the bus: Failed to connect to socket /var/run/dbus/system_bus_socket: No such file or directory
[63:63:1005/172715.628240:WARNING:password_store_factory.cc(253)] Using basic (unencrypted) store for password storage. See https://chromium.googlesource.com/chromium/src/+/master/docs/linux_password_storage.md for more information about password storage options.
[128:128:1005/172715.739547:ERROR:sandbox_linux.cc(344)] InitializeSandbox() called with multiple threads in process gpu-process.
[63:63:1005/172716.817870:INFO:CONSOLE(0)] "/deep/ combinator is no longer supported in CSS dynamic profile. It is now effectively no-op, acting as if it were a descendant combinator. You should consider to remove it. See https://www.chromestatus.com/features/4964279606312960 for more details.", source:  (0)
[63:63:1005/172716.819473:INFO:CONSOLE(1)] "ERROR", source: http://web/vendor.df7669129088c29118b2.bundle.js (1)
[63:63:1005/172716.837909:INFO:CONSOLE(1)] "ERROR", source: http://web/vendor.df7669129088c29118b2.bundle.js (1)
[63:63:1005/172716.838764:INFO:CONSOLE(1)] "ERROR", source: http://web/vendor.df7669129088c29118b2.bundle.js (1)
[63:63:1005/172717.747551:INFO:CONSOLE(1)] "ERROR", source: http://web/vendor.df7669129088c29118b2.bundle.js (1)
[63:63:1005/172717.748054:INFO:CONSOLE(1)] "ERROR", source: http://web/vendor.df7669129088c29118b2.bundle.js (1)
[63:63:1005/172717.748674:INFO:CONSOLE(1)] "ERROR", source: http://web/vendor.df7669129088c29118b2.bundle.js (1)
[63:63:1005/172717.919944:INFO:CONSOLE(0)] "/deep/ combinator is no longer supported in CSS dynamic profile. It is now effectively no-op, acting as if it were a descendant combinator. You should consider to remove it. See https://www.chromestatus.com/features/4964279606312960 for more details.", source:  (0)
[63:63:1005/172717.922549:INFO:CONSOLE(1)] "ERROR", source: http://web/vendor.df7669129088c29118b2.bundle.js (1)
[63:63:1005/172717.923633:INFO:CONSOLE(1)] "ERROR", source: http://web/vendor.df7669129088c29118b2.bundle.js (1)
[63:63:1005/172717.924439:INFO:CONSOLE(1)] "ERROR", source: http://web/vendor.df7669129088c29118b2.bundle.js (1)
[63:63:1005/172721.220421:INFO:CONSOLE(0)] "/deep/ combinator is no longer supported in CSS dynamic profile. It is now effectively no-op, acting as if it were a descendant combinator. You should consider to remove it. See https://www.chromestatus.com/features/4964279606312960 for more details.", source:  (0)
[63:63:1005/172721.227524:INFO:CONSOLE(1)] "ERROR", source: http://web/vendor.df7669129088c29118b2.bundle.js (1)
[63:63:1005/172721.227886:INFO:CONSOLE(1)] "ERROR", source: http://web/vendor.df7669129088c29118b2.bundle.js (1)
[63:63:1005/172721.228151:INFO:CONSOLE(1)] "ERROR", source: http://web/vendor.df7669129088c29118b2.bundle.js (1)
[63:63:1005/172722.156843:INFO:CONSOLE(0)] "/deep/ combinator is no longer supported in CSS dynamic profile. It is now effectively no-op, acting as if it were a descendant combinator. You should consider to remove it. See https://www.chromestatus.com/features/4964279606312960 for more details.", source:  (0)
[63:63:1005/172722.157325:INFO:CONSOLE(1)] "ERROR", source: http://web/vendor.df7669129088c29118b2.bundle.js (1)
[63:63:1005/172722.163313:INFO:CONSOLE(1)] "ERROR", source: http://web/vendor.df7669129088c29118b2.bundle.js (1)
[63:63:1005/172722.163838:INFO:CONSOLE(1)] "ERROR", source: http://web/vendor.df7669129088c29118b2.bundle.js (1)
[63:63:1005/172726.126108:INFO:CONSOLE(0)] "/deep/ combinator is no longer supported in CSS dynamic profile. It is now effectively no-op, acting as if it were a descendant combinator. You should consider to remove it. See https://www.chromestatus.com/features/4964279606312960 for more details.", source:  (0)
[63:63:1005/172726.131195:INFO:CONSOLE(1)] "ERROR", source: http://web/vendor.df7669129088c29118b2.bundle.js (1)
[63:63:1005/172726.131543:INFO:CONSOLE(1)] "ERROR", source: http://web/vendor.df7669129088c29118b2.bundle.js (1)
[63:63:1005/172726.131934:INFO:CONSOLE(1)] "ERROR", source: http://web/vendor.df7669129088c29118b2.bundle.js (1)
[63:63:1005/172726.596389:INFO:CONSOLE(0)] "/deep/ combinator is no longer supported in CSS dynamic profile. It is now effectively no-op, acting as if it were a descendant combinator. You should consider to remove it. See https://www.chromestatus.com/features/4964279606312960 for more details.", source:  (0)
[63:63:1005/172726.599712:INFO:CONSOLE(1)] "ERROR", source: http://web/vendor.df7669129088c29118b2.bundle.js (1)
[63:63:1005/172726.601207:INFO:CONSOLE(1)] "ERROR", source: http://web/vendor.df7669129088c29118b2.bundle.js (1)
[63:63:1005/172726.601722:INFO:CONSOLE(1)] "ERROR", source: http://web/vendor.df7669129088c29118b2.bundle.js (1)
[63:63:1005/172726.953777:INFO:CONSOLE(0)] "/deep/ combinator is no longer supported in CSS dynamic profile. It is now effectively no-op, acting as if it were a descendant combinator. You should consider to remove it. See https://www.chromestatus.com/features/4964279606312960 for more details.", source:  (0)
[63:63:1005/172726.960401:INFO:CONSOLE(1)] "ERROR", source: http://web/vendor.df7669129088c29118b2.bundle.js (1)
[63:63:1005/172726.960740:INFO:CONSOLE(1)] "ERROR", source: http://web/vendor.df7669129088c29118b2.bundle.js (1)
[63:63:1005/172726.961004:INFO:CONSOLE(1)] "ERROR", source: http://web/vendor.df7669129088c29118b2.bundle.js (1)
[63:63:1005/172728.201397:INFO:CONSOLE(0)] "/deep/ combinator is no longer supported in CSS dynamic profile. It is now effectively no-op, acting as if it were a descendant combinator. You should consider to remove it. See https://www.chromestatus.com/features/4964279606312960 for more details.", source:  (0)
[63:63:1005/172728.207851:INFO:CONSOLE(1)] "ERROR", source: http://web/vendor.df7669129088c29118b2.bundle.js (1)
[63:63:1005/172728.208251:INFO:CONSOLE(1)] "ERROR", source: http://web/vendor.df7669129088c29118b2.bundle.js (1)
[63:63:1005/172728.208502:INFO:CONSOLE(1)] "ERROR", source: http://web/vendor.df7669129088c29118b2.bundle.js (1)
[63:63:1005/172728.665670:INFO:CONSOLE(0)] "/deep/ combinator is no longer supported in CSS dynamic profile. It is now effectively no-op, acting as if it were a descendant combinator. You should consider to remove it. See https://www.chromestatus.com/features/4964279606312960 for more details.", source:  (0)
[63:63:1005/172728.671582:INFO:CONSOLE(1)] "ERROR", source: http://web/vendor.df7669129088c29118b2.bundle.js (1)
[63:63:1005/172728.671921:INFO:CONSOLE(1)] "ERROR", source: http://web/vendor.df7669129088c29118b2.bundle.js (1)
[63:63:1005/172728.672224:INFO:CONSOLE(1)] "ERROR", source: http://web/vendor.df7669129088c29118b2.bundle.js (1)
[63:63:1005/172729.140008:INFO:CONSOLE(0)] "/deep/ combinator is no longer supported in CSS dynamic profile. It is now effectively no-op, acting as if it were a descendant combinator. You should consider to remove it. See https://www.chromestatus.com/features/4964279606312960 for more details.", source:  (0)
[63:63:1005/172729.140871:INFO:CONSOLE(1)] "ERROR", source: http://web/vendor.df7669129088c29118b2.bundle.js (1)
[63:63:1005/172729.143740:INFO:CONSOLE(1)] "ERROR", source: http://web/vendor.df7669129088c29118b2.bundle.js (1)
[63:63:1005/172729.147098:INFO:CONSOLE(1)] "ERROR", source: http://web/vendor.df7669129088c29118b2.bundle.js (1)
[63:63:1005/172730.222159:INFO:CONSOLE(0)] "/deep/ combinator is no longer supported in CSS dynamic profile. It is now effectively no-op, acting as if it were a descendant combinator. You should consider to remove it. See https://www.chromestatus.com/features/4964279606312960 for more details.", source:  (0)
[63:63:1005/172730.229205:INFO:CONSOLE(1)] "ERROR", source: http://web/vendor.df7669129088c29118b2.bundle.js (1)
[63:63:1005/172730.229685:INFO:CONSOLE(1)] "ERROR", source: http://web/vendor.df7669129088c29118b2.bundle.js (1)
[63:63:1005/172730.230040:INFO:CONSOLE(1)] "ERROR", source: http://web/vendor.df7669129088c29118b2.bundle.js (1)
[63:63:1005/172730.585125:INFO:CONSOLE(0)] "/deep/ combinator is no longer supported in CSS dynamic profile. It is now effectively no-op, acting as if it were a descendant combinator. You should consider to remove it. See https://www.chromestatus.com/features/4964279606312960 for more details.", source:  (0)
[63:63:1005/172730.589853:INFO:CONSOLE(1)] "ERROR", source: http://web/vendor.df7669129088c29118b2.bundle.js (1)
[63:63:1005/172730.590589:INFO:CONSOLE(1)] "ERROR", source: http://web/vendor.df7669129088c29118b2.bundle.js (1)
[63:63:1005/172730.591070:INFO:CONSOLE(1)] "ERROR", source: http://web/vendor.df7669129088c29118b2.bundle.js (1)
[63:63:1005/172731.609395:INFO:CONSOLE(0)] "/deep/ combinator is no longer supported in CSS dynamic profile. It is now effectively no-op, acting as if it were a descendant combinator. You should consider to remove it. See https://www.chromestatus.com/features/4964279606312960 for more details.", source:  (0)
[63:63:1005/172731.613104:INFO:CONSOLE(1)] "ERROR", source: http://web/vendor.df7669129088c29118b2.bundle.js (1)
[63:63:1005/172731.614386:INFO:CONSOLE(1)] "ERROR", source: http://web/vendor.df7669129088c29118b2.bundle.js (1)
[63:63:1005/172731.615473:INFO:CONSOLE(1)] "ERROR", source: http://web/vendor.df7669129088c29118b2.bundle.js (1)
[63:63:1005/172732.055037:INFO:CONSOLE(0)] "/deep/ combinator is no longer supported in CSS dynamic profile. It is now effectively no-op, acting as if it were a descendant combinator. You should consider to remove it. See https://www.chromestatus.com/features/4964279606312960 for more details.", source:  (0)
[63:63:1005/172732.060469:INFO:CONSOLE(1)] "ERROR", source: http://web/vendor.df7669129088c29118b2.bundle.js (1)
[63:63:1005/172732.061095:INFO:CONSOLE(1)] "ERROR", source: http://web/vendor.df7669129088c29118b2.bundle.js (1)
[63:63:1005/172732.061560:INFO:CONSOLE(1)] "ERROR", source: http://web/vendor.df7669129088c29118b2.bundle.js (1)
[63:63:1005/172737.918090:INFO:CONSOLE(0)] "/deep/ combinator is no longer supported in CSS dynamic profile. It is now effectively no-op, acting as if it were a descendant combinator. You should consider to remove it. See https://www.chromestatus.com/features/4964279606312960 for more details.", source:  (0)
[63:63:1005/172737.921579:INFO:CONSOLE(1)] "ERROR", source: http://web/vendor.df7669129088c29118b2.bundle.js (1)
[63:63:1005/172737.925032:INFO:CONSOLE(1)] "ERROR", source: http://web/vendor.df7669129088c29118b2.bundle.js (1)
[63:63:1005/172737.925398:INFO:CONSOLE(1)] "ERROR", source: http://web/vendor.df7669129088c29118b2.bundle.js (1)
[63:63:1005/172739.278800:INFO:CONSOLE(0)] "/deep/ combinator is no longer supported in CSS dynamic profile. It is now effectively no-op, acting as if it were a descendant combinator. You should consider to remove it. See https://www.chromestatus.com/features/4964279606312960 for more details.", source:  (0)
[63:63:1005/172739.279564:INFO:CONSOLE(1)] "ERROR", source: http://web/vendor.df7669129088c29118b2.bundle.js (1)
[63:63:1005/172739.280500:INFO:CONSOLE(1)] "ERROR", source: http://web/vendor.df7669129088c29118b2.bundle.js (1)
[63:63:1005/172739.280997:INFO:CONSOLE(1)] "ERROR", source: http://web/vendor.df7669129088c29118b2.bundle.js (1)
[63:63:1005/172741.828863:INFO:CONSOLE(0)] "/deep/ combinator is no longer supported in CSS dynamic profile. It is now effectively no-op, acting as if it were a descendant combinator. You should consider to remove it. See https://www.chromestatus.com/features/4964279606312960 for more details.", source:  (0)
[63:63:1005/172741.829347:INFO:CONSOLE(1)] "ERROR", source: http://web/vendor.df7669129088c29118b2.bundle.js (1)
[63:63:1005/172741.830857:INFO:CONSOLE(1)] "ERROR", source: http://web/vendor.df7669129088c29118b2.bundle.js (1)
[63:63:1005/172741.831448:INFO:CONSOLE(1)] "ERROR", source: http://web/vendor.df7669129088c29118b2.bundle.js (1)
